Created by PLY version 3.11 (http://www.dabeaz.com/ply)

Grammar

Rule 0     S' -> inicio
Rule 1     inicio -> lexico
Rule 2     lexico -> lexico comandos
Rule 3     lexico -> comandos
Rule 4     comandos -> maincomando subcomando
Rule 5     comandos -> maincomando
Rule 6     maincomando -> CREATE
Rule 7     maincomando -> DELETE
Rule 8     maincomando -> COPY
Rule 9     maincomando -> TRANSFER
Rule 10    maincomando -> RENAME
Rule 11    maincomando -> MODIFY
Rule 12    maincomando -> BACKUP
Rule 13    maincomando -> RECOVERY
Rule 14    maincomando -> DELETE_ALL
Rule 15    maincomando -> OPEN
Rule 16    subcomando -> subcomando sub
Rule 17    subcomando -> sub
Rule 18    sub -> TYPE tipo
Rule 19    sub -> NAME nombre
Rule 20    sub -> BODY STRING
Rule 21    sub -> PATH RUTA
Rule 22    sub -> FROM RUTA
Rule 23    sub -> TO RUTA
Rule 24    sub -> TYPE_TO tipo
Rule 25    sub -> TYPE_FROM tipo
Rule 26    sub -> IP AIP
Rule 27    sub -> PORT APORT
Rule 28    tipo -> BUCKET
Rule 29    tipo -> SERVER
Rule 30    nombre -> ARCHIVO
Rule 31    nombre -> STRING
Rule 32    nombre -> WORD
Rule 33    nombre -> RUTA

Terminals, with rules where they appear

AIP                  : 26
APORT                : 27
ARCHIVO              : 30
BACKUP               : 12
BODY                 : 20
BUCKET               : 28
COPY                 : 8
CREATE               : 6
DELETE               : 7
DELETE_ALL           : 14
FROM                 : 22
IP                   : 26
MODIFY               : 11
NAME                 : 19
OPEN                 : 15
PATH                 : 21
PORT                 : 27
RECOVERY             : 13
RENAME               : 10
RUTA                 : 21 22 23 33
SERVER               : 29
STRING               : 20 31
TO                   : 23
TRANSFER             : 9
TYPE                 : 18
TYPE_FROM            : 25
TYPE_TO              : 24
WORD                 : 32
error                : 

Nonterminals, with rules where they appear

comandos             : 2 3
inicio               : 0
lexico               : 1 2
maincomando          : 4 5
nombre               : 19
sub                  : 16 17
subcomando           : 4 16
tipo                 : 18 24 25

Parsing method: LALR

state 0

    (0) S' -> . inicio
    (1) inicio -> . lexico
    (2) lexico -> . lexico comandos
    (3) lexico -> . comandos
    (4) comandos -> . maincomando subcomando
    (5) comandos -> . maincomando
    (6) maincomando -> . CREATE
    (7) maincomando -> . DELETE
    (8) maincomando -> . COPY
    (9) maincomando -> . TRANSFER
    (10) maincomando -> . RENAME
    (11) maincomando -> . MODIFY
    (12) maincomando -> . BACKUP
    (13) maincomando -> . RECOVERY
    (14) maincomando -> . DELETE_ALL
    (15) maincomando -> . OPEN

    CREATE          shift and go to state 5
    DELETE          shift and go to state 6
    COPY            shift and go to state 7
    TRANSFER        shift and go to state 8
    RENAME          shift and go to state 9
    MODIFY          shift and go to state 10
    BACKUP          shift and go to state 11
    RECOVERY        shift and go to state 12
    DELETE_ALL      shift and go to state 13
    OPEN            shift and go to state 14

    inicio                         shift and go to state 1
    lexico                         shift and go to state 2
    comandos                       shift and go to state 3
    maincomando                    shift and go to state 4

state 1

    (0) S' -> inicio .



state 2

    (1) inicio -> lexico .
    (2) lexico -> lexico . comandos
    (4) comandos -> . maincomando subcomando
    (5) comandos -> . maincomando
    (6) maincomando -> . CREATE
    (7) maincomando -> . DELETE
    (8) maincomando -> . COPY
    (9) maincomando -> . TRANSFER
    (10) maincomando -> . RENAME
    (11) maincomando -> . MODIFY
    (12) maincomando -> . BACKUP
    (13) maincomando -> . RECOVERY
    (14) maincomando -> . DELETE_ALL
    (15) maincomando -> . OPEN

    $end            reduce using rule 1 (inicio -> lexico .)
    CREATE          shift and go to state 5
    DELETE          shift and go to state 6
    COPY            shift and go to state 7
    TRANSFER        shift and go to state 8
    RENAME          shift and go to state 9
    MODIFY          shift and go to state 10
    BACKUP          shift and go to state 11
    RECOVERY        shift and go to state 12
    DELETE_ALL      shift and go to state 13
    OPEN            shift and go to state 14

    comandos                       shift and go to state 15
    maincomando                    shift and go to state 4

state 3

    (3) lexico -> comandos .

    CREATE          reduce using rule 3 (lexico -> comandos .)
    DELETE          reduce using rule 3 (lexico -> comandos .)
    COPY            reduce using rule 3 (lexico -> comandos .)
    TRANSFER        reduce using rule 3 (lexico -> comandos .)
    RENAME          reduce using rule 3 (lexico -> comandos .)
    MODIFY          reduce using rule 3 (lexico -> comandos .)
    BACKUP          reduce using rule 3 (lexico -> comandos .)
    RECOVERY        reduce using rule 3 (lexico -> comandos .)
    DELETE_ALL      reduce using rule 3 (lexico -> comandos .)
    OPEN            reduce using rule 3 (lexico -> comandos .)
    $end            reduce using rule 3 (lexico -> comandos .)


state 4

    (4) comandos -> maincomando . subcomando
    (5) comandos -> maincomando .
    (16) subcomando -> . subcomando sub
    (17) subcomando -> . sub
    (18) sub -> . TYPE tipo
    (19) sub -> . NAME nombre
    (20) sub -> . BODY STRING
    (21) sub -> . PATH RUTA
    (22) sub -> . FROM RUTA
    (23) sub -> . TO RUTA
    (24) sub -> . TYPE_TO tipo
    (25) sub -> . TYPE_FROM tipo
    (26) sub -> . IP AIP
    (27) sub -> . PORT APORT

    CREATE          reduce using rule 5 (comandos -> maincomando .)
    DELETE          reduce using rule 5 (comandos -> maincomando .)
    COPY            reduce using rule 5 (comandos -> maincomando .)
    TRANSFER        reduce using rule 5 (comandos -> maincomando .)
    RENAME          reduce using rule 5 (comandos -> maincomando .)
    MODIFY          reduce using rule 5 (comandos -> maincomando .)
    BACKUP          reduce using rule 5 (comandos -> maincomando .)
    RECOVERY        reduce using rule 5 (comandos -> maincomando .)
    DELETE_ALL      reduce using rule 5 (comandos -> maincomando .)
    OPEN            reduce using rule 5 (comandos -> maincomando .)
    $end            reduce using rule 5 (comandos -> maincomando .)
    TYPE            shift and go to state 18
    NAME            shift and go to state 19
    BODY            shift and go to state 20
    PATH            shift and go to state 21
    FROM            shift and go to state 22
    TO              shift and go to state 23
    TYPE_TO         shift and go to state 24
    TYPE_FROM       shift and go to state 25
    IP              shift and go to state 26
    PORT            shift and go to state 27

    subcomando                     shift and go to state 16
    sub                            shift and go to state 17

state 5

    (6) maincomando -> CREATE .

    TYPE            reduce using rule 6 (maincomando -> CREATE .)
    NAME            reduce using rule 6 (maincomando -> CREATE .)
    BODY            reduce using rule 6 (maincomando -> CREATE .)
    PATH            reduce using rule 6 (maincomando -> CREATE .)
    FROM            reduce using rule 6 (maincomando -> CREATE .)
    TO              reduce using rule 6 (maincomando -> CREATE .)
    TYPE_TO         reduce using rule 6 (maincomando -> CREATE .)
    TYPE_FROM       reduce using rule 6 (maincomando -> CREATE .)
    IP              reduce using rule 6 (maincomando -> CREATE .)
    PORT            reduce using rule 6 (maincomando -> CREATE .)
    CREATE          reduce using rule 6 (maincomando -> CREATE .)
    DELETE          reduce using rule 6 (maincomando -> CREATE .)
    COPY            reduce using rule 6 (maincomando -> CREATE .)
    TRANSFER        reduce using rule 6 (maincomando -> CREATE .)
    RENAME          reduce using rule 6 (maincomando -> CREATE .)
    MODIFY          reduce using rule 6 (maincomando -> CREATE .)
    BACKUP          reduce using rule 6 (maincomando -> CREATE .)
    RECOVERY        reduce using rule 6 (maincomando -> CREATE .)
    DELETE_ALL      reduce using rule 6 (maincomando -> CREATE .)
    OPEN            reduce using rule 6 (maincomando -> CREATE .)
    $end            reduce using rule 6 (maincomando -> CREATE .)


state 6

    (7) maincomando -> DELETE .

    TYPE            reduce using rule 7 (maincomando -> DELETE .)
    NAME            reduce using rule 7 (maincomando -> DELETE .)
    BODY            reduce using rule 7 (maincomando -> DELETE .)
    PATH            reduce using rule 7 (maincomando -> DELETE .)
    FROM            reduce using rule 7 (maincomando -> DELETE .)
    TO              reduce using rule 7 (maincomando -> DELETE .)
    TYPE_TO         reduce using rule 7 (maincomando -> DELETE .)
    TYPE_FROM       reduce using rule 7 (maincomando -> DELETE .)
    IP              reduce using rule 7 (maincomando -> DELETE .)
    PORT            reduce using rule 7 (maincomando -> DELETE .)
    CREATE          reduce using rule 7 (maincomando -> DELETE .)
    DELETE          reduce using rule 7 (maincomando -> DELETE .)
    COPY            reduce using rule 7 (maincomando -> DELETE .)
    TRANSFER        reduce using rule 7 (maincomando -> DELETE .)
    RENAME          reduce using rule 7 (maincomando -> DELETE .)
    MODIFY          reduce using rule 7 (maincomando -> DELETE .)
    BACKUP          reduce using rule 7 (maincomando -> DELETE .)
    RECOVERY        reduce using rule 7 (maincomando -> DELETE .)
    DELETE_ALL      reduce using rule 7 (maincomando -> DELETE .)
    OPEN            reduce using rule 7 (maincomando -> DELETE .)
    $end            reduce using rule 7 (maincomando -> DELETE .)


state 7

    (8) maincomando -> COPY .

    TYPE            reduce using rule 8 (maincomando -> COPY .)
    NAME            reduce using rule 8 (maincomando -> COPY .)
    BODY            reduce using rule 8 (maincomando -> COPY .)
    PATH            reduce using rule 8 (maincomando -> COPY .)
    FROM            reduce using rule 8 (maincomando -> COPY .)
    TO              reduce using rule 8 (maincomando -> COPY .)
    TYPE_TO         reduce using rule 8 (maincomando -> COPY .)
    TYPE_FROM       reduce using rule 8 (maincomando -> COPY .)
    IP              reduce using rule 8 (maincomando -> COPY .)
    PORT            reduce using rule 8 (maincomando -> COPY .)
    CREATE          reduce using rule 8 (maincomando -> COPY .)
    DELETE          reduce using rule 8 (maincomando -> COPY .)
    COPY            reduce using rule 8 (maincomando -> COPY .)
    TRANSFER        reduce using rule 8 (maincomando -> COPY .)
    RENAME          reduce using rule 8 (maincomando -> COPY .)
    MODIFY          reduce using rule 8 (maincomando -> COPY .)
    BACKUP          reduce using rule 8 (maincomando -> COPY .)
    RECOVERY        reduce using rule 8 (maincomando -> COPY .)
    DELETE_ALL      reduce using rule 8 (maincomando -> COPY .)
    OPEN            reduce using rule 8 (maincomando -> COPY .)
    $end            reduce using rule 8 (maincomando -> COPY .)


state 8

    (9) maincomando -> TRANSFER .

    TYPE            reduce using rule 9 (maincomando -> TRANSFER .)
    NAME            reduce using rule 9 (maincomando -> TRANSFER .)
    BODY            reduce using rule 9 (maincomando -> TRANSFER .)
    PATH            reduce using rule 9 (maincomando -> TRANSFER .)
    FROM            reduce using rule 9 (maincomando -> TRANSFER .)
    TO              reduce using rule 9 (maincomando -> TRANSFER .)
    TYPE_TO         reduce using rule 9 (maincomando -> TRANSFER .)
    TYPE_FROM       reduce using rule 9 (maincomando -> TRANSFER .)
    IP              reduce using rule 9 (maincomando -> TRANSFER .)
    PORT            reduce using rule 9 (maincomando -> TRANSFER .)
    CREATE          reduce using rule 9 (maincomando -> TRANSFER .)
    DELETE          reduce using rule 9 (maincomando -> TRANSFER .)
    COPY            reduce using rule 9 (maincomando -> TRANSFER .)
    TRANSFER        reduce using rule 9 (maincomando -> TRANSFER .)
    RENAME          reduce using rule 9 (maincomando -> TRANSFER .)
    MODIFY          reduce using rule 9 (maincomando -> TRANSFER .)
    BACKUP          reduce using rule 9 (maincomando -> TRANSFER .)
    RECOVERY        reduce using rule 9 (maincomando -> TRANSFER .)
    DELETE_ALL      reduce using rule 9 (maincomando -> TRANSFER .)
    OPEN            reduce using rule 9 (maincomando -> TRANSFER .)
    $end            reduce using rule 9 (maincomando -> TRANSFER .)


state 9

    (10) maincomando -> RENAME .

    TYPE            reduce using rule 10 (maincomando -> RENAME .)
    NAME            reduce using rule 10 (maincomando -> RENAME .)
    BODY            reduce using rule 10 (maincomando -> RENAME .)
    PATH            reduce using rule 10 (maincomando -> RENAME .)
    FROM            reduce using rule 10 (maincomando -> RENAME .)
    TO              reduce using rule 10 (maincomando -> RENAME .)
    TYPE_TO         reduce using rule 10 (maincomando -> RENAME .)
    TYPE_FROM       reduce using rule 10 (maincomando -> RENAME .)
    IP              reduce using rule 10 (maincomando -> RENAME .)
    PORT            reduce using rule 10 (maincomando -> RENAME .)
    CREATE          reduce using rule 10 (maincomando -> RENAME .)
    DELETE          reduce using rule 10 (maincomando -> RENAME .)
    COPY            reduce using rule 10 (maincomando -> RENAME .)
    TRANSFER        reduce using rule 10 (maincomando -> RENAME .)
    RENAME          reduce using rule 10 (maincomando -> RENAME .)
    MODIFY          reduce using rule 10 (maincomando -> RENAME .)
    BACKUP          reduce using rule 10 (maincomando -> RENAME .)
    RECOVERY        reduce using rule 10 (maincomando -> RENAME .)
    DELETE_ALL      reduce using rule 10 (maincomando -> RENAME .)
    OPEN            reduce using rule 10 (maincomando -> RENAME .)
    $end            reduce using rule 10 (maincomando -> RENAME .)


state 10

    (11) maincomando -> MODIFY .

    TYPE            reduce using rule 11 (maincomando -> MODIFY .)
    NAME            reduce using rule 11 (maincomando -> MODIFY .)
    BODY            reduce using rule 11 (maincomando -> MODIFY .)
    PATH            reduce using rule 11 (maincomando -> MODIFY .)
    FROM            reduce using rule 11 (maincomando -> MODIFY .)
    TO              reduce using rule 11 (maincomando -> MODIFY .)
    TYPE_TO         reduce using rule 11 (maincomando -> MODIFY .)
    TYPE_FROM       reduce using rule 11 (maincomando -> MODIFY .)
    IP              reduce using rule 11 (maincomando -> MODIFY .)
    PORT            reduce using rule 11 (maincomando -> MODIFY .)
    CREATE          reduce using rule 11 (maincomando -> MODIFY .)
    DELETE          reduce using rule 11 (maincomando -> MODIFY .)
    COPY            reduce using rule 11 (maincomando -> MODIFY .)
    TRANSFER        reduce using rule 11 (maincomando -> MODIFY .)
    RENAME          reduce using rule 11 (maincomando -> MODIFY .)
    MODIFY          reduce using rule 11 (maincomando -> MODIFY .)
    BACKUP          reduce using rule 11 (maincomando -> MODIFY .)
    RECOVERY        reduce using rule 11 (maincomando -> MODIFY .)
    DELETE_ALL      reduce using rule 11 (maincomando -> MODIFY .)
    OPEN            reduce using rule 11 (maincomando -> MODIFY .)
    $end            reduce using rule 11 (maincomando -> MODIFY .)


state 11

    (12) maincomando -> BACKUP .

    TYPE            reduce using rule 12 (maincomando -> BACKUP .)
    NAME            reduce using rule 12 (maincomando -> BACKUP .)
    BODY            reduce using rule 12 (maincomando -> BACKUP .)
    PATH            reduce using rule 12 (maincomando -> BACKUP .)
    FROM            reduce using rule 12 (maincomando -> BACKUP .)
    TO              reduce using rule 12 (maincomando -> BACKUP .)
    TYPE_TO         reduce using rule 12 (maincomando -> BACKUP .)
    TYPE_FROM       reduce using rule 12 (maincomando -> BACKUP .)
    IP              reduce using rule 12 (maincomando -> BACKUP .)
    PORT            reduce using rule 12 (maincomando -> BACKUP .)
    CREATE          reduce using rule 12 (maincomando -> BACKUP .)
    DELETE          reduce using rule 12 (maincomando -> BACKUP .)
    COPY            reduce using rule 12 (maincomando -> BACKUP .)
    TRANSFER        reduce using rule 12 (maincomando -> BACKUP .)
    RENAME          reduce using rule 12 (maincomando -> BACKUP .)
    MODIFY          reduce using rule 12 (maincomando -> BACKUP .)
    BACKUP          reduce using rule 12 (maincomando -> BACKUP .)
    RECOVERY        reduce using rule 12 (maincomando -> BACKUP .)
    DELETE_ALL      reduce using rule 12 (maincomando -> BACKUP .)
    OPEN            reduce using rule 12 (maincomando -> BACKUP .)
    $end            reduce using rule 12 (maincomando -> BACKUP .)


state 12

    (13) maincomando -> RECOVERY .

    TYPE            reduce using rule 13 (maincomando -> RECOVERY .)
    NAME            reduce using rule 13 (maincomando -> RECOVERY .)
    BODY            reduce using rule 13 (maincomando -> RECOVERY .)
    PATH            reduce using rule 13 (maincomando -> RECOVERY .)
    FROM            reduce using rule 13 (maincomando -> RECOVERY .)
    TO              reduce using rule 13 (maincomando -> RECOVERY .)
    TYPE_TO         reduce using rule 13 (maincomando -> RECOVERY .)
    TYPE_FROM       reduce using rule 13 (maincomando -> RECOVERY .)
    IP              reduce using rule 13 (maincomando -> RECOVERY .)
    PORT            reduce using rule 13 (maincomando -> RECOVERY .)
    CREATE          reduce using rule 13 (maincomando -> RECOVERY .)
    DELETE          reduce using rule 13 (maincomando -> RECOVERY .)
    COPY            reduce using rule 13 (maincomando -> RECOVERY .)
    TRANSFER        reduce using rule 13 (maincomando -> RECOVERY .)
    RENAME          reduce using rule 13 (maincomando -> RECOVERY .)
    MODIFY          reduce using rule 13 (maincomando -> RECOVERY .)
    BACKUP          reduce using rule 13 (maincomando -> RECOVERY .)
    RECOVERY        reduce using rule 13 (maincomando -> RECOVERY .)
    DELETE_ALL      reduce using rule 13 (maincomando -> RECOVERY .)
    OPEN            reduce using rule 13 (maincomando -> RECOVERY .)
    $end            reduce using rule 13 (maincomando -> RECOVERY .)


state 13

    (14) maincomando -> DELETE_ALL .

    TYPE            reduce using rule 14 (maincomando -> DELETE_ALL .)
    NAME            reduce using rule 14 (maincomando -> DELETE_ALL .)
    BODY            reduce using rule 14 (maincomando -> DELETE_ALL .)
    PATH            reduce using rule 14 (maincomando -> DELETE_ALL .)
    FROM            reduce using rule 14 (maincomando -> DELETE_ALL .)
    TO              reduce using rule 14 (maincomando -> DELETE_ALL .)
    TYPE_TO         reduce using rule 14 (maincomando -> DELETE_ALL .)
    TYPE_FROM       reduce using rule 14 (maincomando -> DELETE_ALL .)
    IP              reduce using rule 14 (maincomando -> DELETE_ALL .)
    PORT            reduce using rule 14 (maincomando -> DELETE_ALL .)
    CREATE          reduce using rule 14 (maincomando -> DELETE_ALL .)
    DELETE          reduce using rule 14 (maincomando -> DELETE_ALL .)
    COPY            reduce using rule 14 (maincomando -> DELETE_ALL .)
    TRANSFER        reduce using rule 14 (maincomando -> DELETE_ALL .)
    RENAME          reduce using rule 14 (maincomando -> DELETE_ALL .)
    MODIFY          reduce using rule 14 (maincomando -> DELETE_ALL .)
    BACKUP          reduce using rule 14 (maincomando -> DELETE_ALL .)
    RECOVERY        reduce using rule 14 (maincomando -> DELETE_ALL .)
    DELETE_ALL      reduce using rule 14 (maincomando -> DELETE_ALL .)
    OPEN            reduce using rule 14 (maincomando -> DELETE_ALL .)
    $end            reduce using rule 14 (maincomando -> DELETE_ALL .)


state 14

    (15) maincomando -> OPEN .

    TYPE            reduce using rule 15 (maincomando -> OPEN .)
    NAME            reduce using rule 15 (maincomando -> OPEN .)
    BODY            reduce using rule 15 (maincomando -> OPEN .)
    PATH            reduce using rule 15 (maincomando -> OPEN .)
    FROM            reduce using rule 15 (maincomando -> OPEN .)
    TO              reduce using rule 15 (maincomando -> OPEN .)
    TYPE_TO         reduce using rule 15 (maincomando -> OPEN .)
    TYPE_FROM       reduce using rule 15 (maincomando -> OPEN .)
    IP              reduce using rule 15 (maincomando -> OPEN .)
    PORT            reduce using rule 15 (maincomando -> OPEN .)
    CREATE          reduce using rule 15 (maincomando -> OPEN .)
    DELETE          reduce using rule 15 (maincomando -> OPEN .)
    COPY            reduce using rule 15 (maincomando -> OPEN .)
    TRANSFER        reduce using rule 15 (maincomando -> OPEN .)
    RENAME          reduce using rule 15 (maincomando -> OPEN .)
    MODIFY          reduce using rule 15 (maincomando -> OPEN .)
    BACKUP          reduce using rule 15 (maincomando -> OPEN .)
    RECOVERY        reduce using rule 15 (maincomando -> OPEN .)
    DELETE_ALL      reduce using rule 15 (maincomando -> OPEN .)
    OPEN            reduce using rule 15 (maincomando -> OPEN .)
    $end            reduce using rule 15 (maincomando -> OPEN .)


state 15

    (2) lexico -> lexico comandos .

    CREATE          reduce using rule 2 (lexico -> lexico comandos .)
    DELETE          reduce using rule 2 (lexico -> lexico comandos .)
    COPY            reduce using rule 2 (lexico -> lexico comandos .)
    TRANSFER        reduce using rule 2 (lexico -> lexico comandos .)
    RENAME          reduce using rule 2 (lexico -> lexico comandos .)
    MODIFY          reduce using rule 2 (lexico -> lexico comandos .)
    BACKUP          reduce using rule 2 (lexico -> lexico comandos .)
    RECOVERY        reduce using rule 2 (lexico -> lexico comandos .)
    DELETE_ALL      reduce using rule 2 (lexico -> lexico comandos .)
    OPEN            reduce using rule 2 (lexico -> lexico comandos .)
    $end            reduce using rule 2 (lexico -> lexico comandos .)


state 16

    (4) comandos -> maincomando subcomando .
    (16) subcomando -> subcomando . sub
    (18) sub -> . TYPE tipo
    (19) sub -> . NAME nombre
    (20) sub -> . BODY STRING
    (21) sub -> . PATH RUTA
    (22) sub -> . FROM RUTA
    (23) sub -> . TO RUTA
    (24) sub -> . TYPE_TO tipo
    (25) sub -> . TYPE_FROM tipo
    (26) sub -> . IP AIP
    (27) sub -> . PORT APORT

    CREATE          reduce using rule 4 (comandos -> maincomando subcomando .)
    DELETE          reduce using rule 4 (comandos -> maincomando subcomando .)
    COPY            reduce using rule 4 (comandos -> maincomando subcomando .)
    TRANSFER        reduce using rule 4 (comandos -> maincomando subcomando .)
    RENAME          reduce using rule 4 (comandos -> maincomando subcomando .)
    MODIFY          reduce using rule 4 (comandos -> maincomando subcomando .)
    BACKUP          reduce using rule 4 (comandos -> maincomando subcomando .)
    RECOVERY        reduce using rule 4 (comandos -> maincomando subcomando .)
    DELETE_ALL      reduce using rule 4 (comandos -> maincomando subcomando .)
    OPEN            reduce using rule 4 (comandos -> maincomando subcomando .)
    $end            reduce using rule 4 (comandos -> maincomando subcomando .)
    TYPE            shift and go to state 18
    NAME            shift and go to state 19
    BODY            shift and go to state 20
    PATH            shift and go to state 21
    FROM            shift and go to state 22
    TO              shift and go to state 23
    TYPE_TO         shift and go to state 24
    TYPE_FROM       shift and go to state 25
    IP              shift and go to state 26
    PORT            shift and go to state 27

    sub                            shift and go to state 28

state 17

    (17) subcomando -> sub .

    TYPE            reduce using rule 17 (subcomando -> sub .)
    NAME            reduce using rule 17 (subcomando -> sub .)
    BODY            reduce using rule 17 (subcomando -> sub .)
    PATH            reduce using rule 17 (subcomando -> sub .)
    FROM            reduce using rule 17 (subcomando -> sub .)
    TO              reduce using rule 17 (subcomando -> sub .)
    TYPE_TO         reduce using rule 17 (subcomando -> sub .)
    TYPE_FROM       reduce using rule 17 (subcomando -> sub .)
    IP              reduce using rule 17 (subcomando -> sub .)
    PORT            reduce using rule 17 (subcomando -> sub .)
    CREATE          reduce using rule 17 (subcomando -> sub .)
    DELETE          reduce using rule 17 (subcomando -> sub .)
    COPY            reduce using rule 17 (subcomando -> sub .)
    TRANSFER        reduce using rule 17 (subcomando -> sub .)
    RENAME          reduce using rule 17 (subcomando -> sub .)
    MODIFY          reduce using rule 17 (subcomando -> sub .)
    BACKUP          reduce using rule 17 (subcomando -> sub .)
    RECOVERY        reduce using rule 17 (subcomando -> sub .)
    DELETE_ALL      reduce using rule 17 (subcomando -> sub .)
    OPEN            reduce using rule 17 (subcomando -> sub .)
    $end            reduce using rule 17 (subcomando -> sub .)


state 18

    (18) sub -> TYPE . tipo
    (28) tipo -> . BUCKET
    (29) tipo -> . SERVER

    BUCKET          shift and go to state 30
    SERVER          shift and go to state 31

    tipo                           shift and go to state 29

state 19

    (19) sub -> NAME . nombre
    (30) nombre -> . ARCHIVO
    (31) nombre -> . STRING
    (32) nombre -> . WORD
    (33) nombre -> . RUTA

    ARCHIVO         shift and go to state 33
    STRING          shift and go to state 34
    WORD            shift and go to state 35
    RUTA            shift and go to state 36

    nombre                         shift and go to state 32

state 20

    (20) sub -> BODY . STRING

    STRING          shift and go to state 37


state 21

    (21) sub -> PATH . RUTA

    RUTA            shift and go to state 38


state 22

    (22) sub -> FROM . RUTA

    RUTA            shift and go to state 39


state 23

    (23) sub -> TO . RUTA

    RUTA            shift and go to state 40


state 24

    (24) sub -> TYPE_TO . tipo
    (28) tipo -> . BUCKET
    (29) tipo -> . SERVER

    BUCKET          shift and go to state 30
    SERVER          shift and go to state 31

    tipo                           shift and go to state 41

state 25

    (25) sub -> TYPE_FROM . tipo
    (28) tipo -> . BUCKET
    (29) tipo -> . SERVER

    BUCKET          shift and go to state 30
    SERVER          shift and go to state 31

    tipo                           shift and go to state 42

state 26

    (26) sub -> IP . AIP

    AIP             shift and go to state 43


state 27

    (27) sub -> PORT . APORT

    APORT           shift and go to state 44


state 28

    (16) subcomando -> subcomando sub .

    TYPE            reduce using rule 16 (subcomando -> subcomando sub .)
    NAME            reduce using rule 16 (subcomando -> subcomando sub .)
    BODY            reduce using rule 16 (subcomando -> subcomando sub .)
    PATH            reduce using rule 16 (subcomando -> subcomando sub .)
    FROM            reduce using rule 16 (subcomando -> subcomando sub .)
    TO              reduce using rule 16 (subcomando -> subcomando sub .)
    TYPE_TO         reduce using rule 16 (subcomando -> subcomando sub .)
    TYPE_FROM       reduce using rule 16 (subcomando -> subcomando sub .)
    IP              reduce using rule 16 (subcomando -> subcomando sub .)
    PORT            reduce using rule 16 (subcomando -> subcomando sub .)
    CREATE          reduce using rule 16 (subcomando -> subcomando sub .)
    DELETE          reduce using rule 16 (subcomando -> subcomando sub .)
    COPY            reduce using rule 16 (subcomando -> subcomando sub .)
    TRANSFER        reduce using rule 16 (subcomando -> subcomando sub .)
    RENAME          reduce using rule 16 (subcomando -> subcomando sub .)
    MODIFY          reduce using rule 16 (subcomando -> subcomando sub .)
    BACKUP          reduce using rule 16 (subcomando -> subcomando sub .)
    RECOVERY        reduce using rule 16 (subcomando -> subcomando sub .)
    DELETE_ALL      reduce using rule 16 (subcomando -> subcomando sub .)
    OPEN            reduce using rule 16 (subcomando -> subcomando sub .)
    $end            reduce using rule 16 (subcomando -> subcomando sub .)


state 29

    (18) sub -> TYPE tipo .

    TYPE            reduce using rule 18 (sub -> TYPE tipo .)
    NAME            reduce using rule 18 (sub -> TYPE tipo .)
    BODY            reduce using rule 18 (sub -> TYPE tipo .)
    PATH            reduce using rule 18 (sub -> TYPE tipo .)
    FROM            reduce using rule 18 (sub -> TYPE tipo .)
    TO              reduce using rule 18 (sub -> TYPE tipo .)
    TYPE_TO         reduce using rule 18 (sub -> TYPE tipo .)
    TYPE_FROM       reduce using rule 18 (sub -> TYPE tipo .)
    IP              reduce using rule 18 (sub -> TYPE tipo .)
    PORT            reduce using rule 18 (sub -> TYPE tipo .)
    CREATE          reduce using rule 18 (sub -> TYPE tipo .)
    DELETE          reduce using rule 18 (sub -> TYPE tipo .)
    COPY            reduce using rule 18 (sub -> TYPE tipo .)
    TRANSFER        reduce using rule 18 (sub -> TYPE tipo .)
    RENAME          reduce using rule 18 (sub -> TYPE tipo .)
    MODIFY          reduce using rule 18 (sub -> TYPE tipo .)
    BACKUP          reduce using rule 18 (sub -> TYPE tipo .)
    RECOVERY        reduce using rule 18 (sub -> TYPE tipo .)
    DELETE_ALL      reduce using rule 18 (sub -> TYPE tipo .)
    OPEN            reduce using rule 18 (sub -> TYPE tipo .)
    $end            reduce using rule 18 (sub -> TYPE tipo .)


state 30

    (28) tipo -> BUCKET .

    TYPE            reduce using rule 28 (tipo -> BUCKET .)
    NAME            reduce using rule 28 (tipo -> BUCKET .)
    BODY            reduce using rule 28 (tipo -> BUCKET .)
    PATH            reduce using rule 28 (tipo -> BUCKET .)
    FROM            reduce using rule 28 (tipo -> BUCKET .)
    TO              reduce using rule 28 (tipo -> BUCKET .)
    TYPE_TO         reduce using rule 28 (tipo -> BUCKET .)
    TYPE_FROM       reduce using rule 28 (tipo -> BUCKET .)
    IP              reduce using rule 28 (tipo -> BUCKET .)
    PORT            reduce using rule 28 (tipo -> BUCKET .)
    CREATE          reduce using rule 28 (tipo -> BUCKET .)
    DELETE          reduce using rule 28 (tipo -> BUCKET .)
    COPY            reduce using rule 28 (tipo -> BUCKET .)
    TRANSFER        reduce using rule 28 (tipo -> BUCKET .)
    RENAME          reduce using rule 28 (tipo -> BUCKET .)
    MODIFY          reduce using rule 28 (tipo -> BUCKET .)
    BACKUP          reduce using rule 28 (tipo -> BUCKET .)
    RECOVERY        reduce using rule 28 (tipo -> BUCKET .)
    DELETE_ALL      reduce using rule 28 (tipo -> BUCKET .)
    OPEN            reduce using rule 28 (tipo -> BUCKET .)
    $end            reduce using rule 28 (tipo -> BUCKET .)


state 31

    (29) tipo -> SERVER .

    TYPE            reduce using rule 29 (tipo -> SERVER .)
    NAME            reduce using rule 29 (tipo -> SERVER .)
    BODY            reduce using rule 29 (tipo -> SERVER .)
    PATH            reduce using rule 29 (tipo -> SERVER .)
    FROM            reduce using rule 29 (tipo -> SERVER .)
    TO              reduce using rule 29 (tipo -> SERVER .)
    TYPE_TO         reduce using rule 29 (tipo -> SERVER .)
    TYPE_FROM       reduce using rule 29 (tipo -> SERVER .)
    IP              reduce using rule 29 (tipo -> SERVER .)
    PORT            reduce using rule 29 (tipo -> SERVER .)
    CREATE          reduce using rule 29 (tipo -> SERVER .)
    DELETE          reduce using rule 29 (tipo -> SERVER .)
    COPY            reduce using rule 29 (tipo -> SERVER .)
    TRANSFER        reduce using rule 29 (tipo -> SERVER .)
    RENAME          reduce using rule 29 (tipo -> SERVER .)
    MODIFY          reduce using rule 29 (tipo -> SERVER .)
    BACKUP          reduce using rule 29 (tipo -> SERVER .)
    RECOVERY        reduce using rule 29 (tipo -> SERVER .)
    DELETE_ALL      reduce using rule 29 (tipo -> SERVER .)
    OPEN            reduce using rule 29 (tipo -> SERVER .)
    $end            reduce using rule 29 (tipo -> SERVER .)


state 32

    (19) sub -> NAME nombre .

    TYPE            reduce using rule 19 (sub -> NAME nombre .)
    NAME            reduce using rule 19 (sub -> NAME nombre .)
    BODY            reduce using rule 19 (sub -> NAME nombre .)
    PATH            reduce using rule 19 (sub -> NAME nombre .)
    FROM            reduce using rule 19 (sub -> NAME nombre .)
    TO              reduce using rule 19 (sub -> NAME nombre .)
    TYPE_TO         reduce using rule 19 (sub -> NAME nombre .)
    TYPE_FROM       reduce using rule 19 (sub -> NAME nombre .)
    IP              reduce using rule 19 (sub -> NAME nombre .)
    PORT            reduce using rule 19 (sub -> NAME nombre .)
    CREATE          reduce using rule 19 (sub -> NAME nombre .)
    DELETE          reduce using rule 19 (sub -> NAME nombre .)
    COPY            reduce using rule 19 (sub -> NAME nombre .)
    TRANSFER        reduce using rule 19 (sub -> NAME nombre .)
    RENAME          reduce using rule 19 (sub -> NAME nombre .)
    MODIFY          reduce using rule 19 (sub -> NAME nombre .)
    BACKUP          reduce using rule 19 (sub -> NAME nombre .)
    RECOVERY        reduce using rule 19 (sub -> NAME nombre .)
    DELETE_ALL      reduce using rule 19 (sub -> NAME nombre .)
    OPEN            reduce using rule 19 (sub -> NAME nombre .)
    $end            reduce using rule 19 (sub -> NAME nombre .)


state 33

    (30) nombre -> ARCHIVO .

    TYPE            reduce using rule 30 (nombre -> ARCHIVO .)
    NAME            reduce using rule 30 (nombre -> ARCHIVO .)
    BODY            reduce using rule 30 (nombre -> ARCHIVO .)
    PATH            reduce using rule 30 (nombre -> ARCHIVO .)
    FROM            reduce using rule 30 (nombre -> ARCHIVO .)
    TO              reduce using rule 30 (nombre -> ARCHIVO .)
    TYPE_TO         reduce using rule 30 (nombre -> ARCHIVO .)
    TYPE_FROM       reduce using rule 30 (nombre -> ARCHIVO .)
    IP              reduce using rule 30 (nombre -> ARCHIVO .)
    PORT            reduce using rule 30 (nombre -> ARCHIVO .)
    CREATE          reduce using rule 30 (nombre -> ARCHIVO .)
    DELETE          reduce using rule 30 (nombre -> ARCHIVO .)
    COPY            reduce using rule 30 (nombre -> ARCHIVO .)
    TRANSFER        reduce using rule 30 (nombre -> ARCHIVO .)
    RENAME          reduce using rule 30 (nombre -> ARCHIVO .)
    MODIFY          reduce using rule 30 (nombre -> ARCHIVO .)
    BACKUP          reduce using rule 30 (nombre -> ARCHIVO .)
    RECOVERY        reduce using rule 30 (nombre -> ARCHIVO .)
    DELETE_ALL      reduce using rule 30 (nombre -> ARCHIVO .)
    OPEN            reduce using rule 30 (nombre -> ARCHIVO .)
    $end            reduce using rule 30 (nombre -> ARCHIVO .)


state 34

    (31) nombre -> STRING .

    TYPE            reduce using rule 31 (nombre -> STRING .)
    NAME            reduce using rule 31 (nombre -> STRING .)
    BODY            reduce using rule 31 (nombre -> STRING .)
    PATH            reduce using rule 31 (nombre -> STRING .)
    FROM            reduce using rule 31 (nombre -> STRING .)
    TO              reduce using rule 31 (nombre -> STRING .)
    TYPE_TO         reduce using rule 31 (nombre -> STRING .)
    TYPE_FROM       reduce using rule 31 (nombre -> STRING .)
    IP              reduce using rule 31 (nombre -> STRING .)
    PORT            reduce using rule 31 (nombre -> STRING .)
    CREATE          reduce using rule 31 (nombre -> STRING .)
    DELETE          reduce using rule 31 (nombre -> STRING .)
    COPY            reduce using rule 31 (nombre -> STRING .)
    TRANSFER        reduce using rule 31 (nombre -> STRING .)
    RENAME          reduce using rule 31 (nombre -> STRING .)
    MODIFY          reduce using rule 31 (nombre -> STRING .)
    BACKUP          reduce using rule 31 (nombre -> STRING .)
    RECOVERY        reduce using rule 31 (nombre -> STRING .)
    DELETE_ALL      reduce using rule 31 (nombre -> STRING .)
    OPEN            reduce using rule 31 (nombre -> STRING .)
    $end            reduce using rule 31 (nombre -> STRING .)


state 35

    (32) nombre -> WORD .

    TYPE            reduce using rule 32 (nombre -> WORD .)
    NAME            reduce using rule 32 (nombre -> WORD .)
    BODY            reduce using rule 32 (nombre -> WORD .)
    PATH            reduce using rule 32 (nombre -> WORD .)
    FROM            reduce using rule 32 (nombre -> WORD .)
    TO              reduce using rule 32 (nombre -> WORD .)
    TYPE_TO         reduce using rule 32 (nombre -> WORD .)
    TYPE_FROM       reduce using rule 32 (nombre -> WORD .)
    IP              reduce using rule 32 (nombre -> WORD .)
    PORT            reduce using rule 32 (nombre -> WORD .)
    CREATE          reduce using rule 32 (nombre -> WORD .)
    DELETE          reduce using rule 32 (nombre -> WORD .)
    COPY            reduce using rule 32 (nombre -> WORD .)
    TRANSFER        reduce using rule 32 (nombre -> WORD .)
    RENAME          reduce using rule 32 (nombre -> WORD .)
    MODIFY          reduce using rule 32 (nombre -> WORD .)
    BACKUP          reduce using rule 32 (nombre -> WORD .)
    RECOVERY        reduce using rule 32 (nombre -> WORD .)
    DELETE_ALL      reduce using rule 32 (nombre -> WORD .)
    OPEN            reduce using rule 32 (nombre -> WORD .)
    $end            reduce using rule 32 (nombre -> WORD .)


state 36

    (33) nombre -> RUTA .

    TYPE            reduce using rule 33 (nombre -> RUTA .)
    NAME            reduce using rule 33 (nombre -> RUTA .)
    BODY            reduce using rule 33 (nombre -> RUTA .)
    PATH            reduce using rule 33 (nombre -> RUTA .)
    FROM            reduce using rule 33 (nombre -> RUTA .)
    TO              reduce using rule 33 (nombre -> RUTA .)
    TYPE_TO         reduce using rule 33 (nombre -> RUTA .)
    TYPE_FROM       reduce using rule 33 (nombre -> RUTA .)
    IP              reduce using rule 33 (nombre -> RUTA .)
    PORT            reduce using rule 33 (nombre -> RUTA .)
    CREATE          reduce using rule 33 (nombre -> RUTA .)
    DELETE          reduce using rule 33 (nombre -> RUTA .)
    COPY            reduce using rule 33 (nombre -> RUTA .)
    TRANSFER        reduce using rule 33 (nombre -> RUTA .)
    RENAME          reduce using rule 33 (nombre -> RUTA .)
    MODIFY          reduce using rule 33 (nombre -> RUTA .)
    BACKUP          reduce using rule 33 (nombre -> RUTA .)
    RECOVERY        reduce using rule 33 (nombre -> RUTA .)
    DELETE_ALL      reduce using rule 33 (nombre -> RUTA .)
    OPEN            reduce using rule 33 (nombre -> RUTA .)
    $end            reduce using rule 33 (nombre -> RUTA .)


state 37

    (20) sub -> BODY STRING .

    TYPE            reduce using rule 20 (sub -> BODY STRING .)
    NAME            reduce using rule 20 (sub -> BODY STRING .)
    BODY            reduce using rule 20 (sub -> BODY STRING .)
    PATH            reduce using rule 20 (sub -> BODY STRING .)
    FROM            reduce using rule 20 (sub -> BODY STRING .)
    TO              reduce using rule 20 (sub -> BODY STRING .)
    TYPE_TO         reduce using rule 20 (sub -> BODY STRING .)
    TYPE_FROM       reduce using rule 20 (sub -> BODY STRING .)
    IP              reduce using rule 20 (sub -> BODY STRING .)
    PORT            reduce using rule 20 (sub -> BODY STRING .)
    CREATE          reduce using rule 20 (sub -> BODY STRING .)
    DELETE          reduce using rule 20 (sub -> BODY STRING .)
    COPY            reduce using rule 20 (sub -> BODY STRING .)
    TRANSFER        reduce using rule 20 (sub -> BODY STRING .)
    RENAME          reduce using rule 20 (sub -> BODY STRING .)
    MODIFY          reduce using rule 20 (sub -> BODY STRING .)
    BACKUP          reduce using rule 20 (sub -> BODY STRING .)
    RECOVERY        reduce using rule 20 (sub -> BODY STRING .)
    DELETE_ALL      reduce using rule 20 (sub -> BODY STRING .)
    OPEN            reduce using rule 20 (sub -> BODY STRING .)
    $end            reduce using rule 20 (sub -> BODY STRING .)


state 38

    (21) sub -> PATH RUTA .

    TYPE            reduce using rule 21 (sub -> PATH RUTA .)
    NAME            reduce using rule 21 (sub -> PATH RUTA .)
    BODY            reduce using rule 21 (sub -> PATH RUTA .)
    PATH            reduce using rule 21 (sub -> PATH RUTA .)
    FROM            reduce using rule 21 (sub -> PATH RUTA .)
    TO              reduce using rule 21 (sub -> PATH RUTA .)
    TYPE_TO         reduce using rule 21 (sub -> PATH RUTA .)
    TYPE_FROM       reduce using rule 21 (sub -> PATH RUTA .)
    IP              reduce using rule 21 (sub -> PATH RUTA .)
    PORT            reduce using rule 21 (sub -> PATH RUTA .)
    CREATE          reduce using rule 21 (sub -> PATH RUTA .)
    DELETE          reduce using rule 21 (sub -> PATH RUTA .)
    COPY            reduce using rule 21 (sub -> PATH RUTA .)
    TRANSFER        reduce using rule 21 (sub -> PATH RUTA .)
    RENAME          reduce using rule 21 (sub -> PATH RUTA .)
    MODIFY          reduce using rule 21 (sub -> PATH RUTA .)
    BACKUP          reduce using rule 21 (sub -> PATH RUTA .)
    RECOVERY        reduce using rule 21 (sub -> PATH RUTA .)
    DELETE_ALL      reduce using rule 21 (sub -> PATH RUTA .)
    OPEN            reduce using rule 21 (sub -> PATH RUTA .)
    $end            reduce using rule 21 (sub -> PATH RUTA .)


state 39

    (22) sub -> FROM RUTA .

    TYPE            reduce using rule 22 (sub -> FROM RUTA .)
    NAME            reduce using rule 22 (sub -> FROM RUTA .)
    BODY            reduce using rule 22 (sub -> FROM RUTA .)
    PATH            reduce using rule 22 (sub -> FROM RUTA .)
    FROM            reduce using rule 22 (sub -> FROM RUTA .)
    TO              reduce using rule 22 (sub -> FROM RUTA .)
    TYPE_TO         reduce using rule 22 (sub -> FROM RUTA .)
    TYPE_FROM       reduce using rule 22 (sub -> FROM RUTA .)
    IP              reduce using rule 22 (sub -> FROM RUTA .)
    PORT            reduce using rule 22 (sub -> FROM RUTA .)
    CREATE          reduce using rule 22 (sub -> FROM RUTA .)
    DELETE          reduce using rule 22 (sub -> FROM RUTA .)
    COPY            reduce using rule 22 (sub -> FROM RUTA .)
    TRANSFER        reduce using rule 22 (sub -> FROM RUTA .)
    RENAME          reduce using rule 22 (sub -> FROM RUTA .)
    MODIFY          reduce using rule 22 (sub -> FROM RUTA .)
    BACKUP          reduce using rule 22 (sub -> FROM RUTA .)
    RECOVERY        reduce using rule 22 (sub -> FROM RUTA .)
    DELETE_ALL      reduce using rule 22 (sub -> FROM RUTA .)
    OPEN            reduce using rule 22 (sub -> FROM RUTA .)
    $end            reduce using rule 22 (sub -> FROM RUTA .)


state 40

    (23) sub -> TO RUTA .

    TYPE            reduce using rule 23 (sub -> TO RUTA .)
    NAME            reduce using rule 23 (sub -> TO RUTA .)
    BODY            reduce using rule 23 (sub -> TO RUTA .)
    PATH            reduce using rule 23 (sub -> TO RUTA .)
    FROM            reduce using rule 23 (sub -> TO RUTA .)
    TO              reduce using rule 23 (sub -> TO RUTA .)
    TYPE_TO         reduce using rule 23 (sub -> TO RUTA .)
    TYPE_FROM       reduce using rule 23 (sub -> TO RUTA .)
    IP              reduce using rule 23 (sub -> TO RUTA .)
    PORT            reduce using rule 23 (sub -> TO RUTA .)
    CREATE          reduce using rule 23 (sub -> TO RUTA .)
    DELETE          reduce using rule 23 (sub -> TO RUTA .)
    COPY            reduce using rule 23 (sub -> TO RUTA .)
    TRANSFER        reduce using rule 23 (sub -> TO RUTA .)
    RENAME          reduce using rule 23 (sub -> TO RUTA .)
    MODIFY          reduce using rule 23 (sub -> TO RUTA .)
    BACKUP          reduce using rule 23 (sub -> TO RUTA .)
    RECOVERY        reduce using rule 23 (sub -> TO RUTA .)
    DELETE_ALL      reduce using rule 23 (sub -> TO RUTA .)
    OPEN            reduce using rule 23 (sub -> TO RUTA .)
    $end            reduce using rule 23 (sub -> TO RUTA .)


state 41

    (24) sub -> TYPE_TO tipo .

    TYPE            reduce using rule 24 (sub -> TYPE_TO tipo .)
    NAME            reduce using rule 24 (sub -> TYPE_TO tipo .)
    BODY            reduce using rule 24 (sub -> TYPE_TO tipo .)
    PATH            reduce using rule 24 (sub -> TYPE_TO tipo .)
    FROM            reduce using rule 24 (sub -> TYPE_TO tipo .)
    TO              reduce using rule 24 (sub -> TYPE_TO tipo .)
    TYPE_TO         reduce using rule 24 (sub -> TYPE_TO tipo .)
    TYPE_FROM       reduce using rule 24 (sub -> TYPE_TO tipo .)
    IP              reduce using rule 24 (sub -> TYPE_TO tipo .)
    PORT            reduce using rule 24 (sub -> TYPE_TO tipo .)
    CREATE          reduce using rule 24 (sub -> TYPE_TO tipo .)
    DELETE          reduce using rule 24 (sub -> TYPE_TO tipo .)
    COPY            reduce using rule 24 (sub -> TYPE_TO tipo .)
    TRANSFER        reduce using rule 24 (sub -> TYPE_TO tipo .)
    RENAME          reduce using rule 24 (sub -> TYPE_TO tipo .)
    MODIFY          reduce using rule 24 (sub -> TYPE_TO tipo .)
    BACKUP          reduce using rule 24 (sub -> TYPE_TO tipo .)
    RECOVERY        reduce using rule 24 (sub -> TYPE_TO tipo .)
    DELETE_ALL      reduce using rule 24 (sub -> TYPE_TO tipo .)
    OPEN            reduce using rule 24 (sub -> TYPE_TO tipo .)
    $end            reduce using rule 24 (sub -> TYPE_TO tipo .)


state 42

    (25) sub -> TYPE_FROM tipo .

    TYPE            reduce using rule 25 (sub -> TYPE_FROM tipo .)
    NAME            reduce using rule 25 (sub -> TYPE_FROM tipo .)
    BODY            reduce using rule 25 (sub -> TYPE_FROM tipo .)
    PATH            reduce using rule 25 (sub -> TYPE_FROM tipo .)
    FROM            reduce using rule 25 (sub -> TYPE_FROM tipo .)
    TO              reduce using rule 25 (sub -> TYPE_FROM tipo .)
    TYPE_TO         reduce using rule 25 (sub -> TYPE_FROM tipo .)
    TYPE_FROM       reduce using rule 25 (sub -> TYPE_FROM tipo .)
    IP              reduce using rule 25 (sub -> TYPE_FROM tipo .)
    PORT            reduce using rule 25 (sub -> TYPE_FROM tipo .)
    CREATE          reduce using rule 25 (sub -> TYPE_FROM tipo .)
    DELETE          reduce using rule 25 (sub -> TYPE_FROM tipo .)
    COPY            reduce using rule 25 (sub -> TYPE_FROM tipo .)
    TRANSFER        reduce using rule 25 (sub -> TYPE_FROM tipo .)
    RENAME          reduce using rule 25 (sub -> TYPE_FROM tipo .)
    MODIFY          reduce using rule 25 (sub -> TYPE_FROM tipo .)
    BACKUP          reduce using rule 25 (sub -> TYPE_FROM tipo .)
    RECOVERY        reduce using rule 25 (sub -> TYPE_FROM tipo .)
    DELETE_ALL      reduce using rule 25 (sub -> TYPE_FROM tipo .)
    OPEN            reduce using rule 25 (sub -> TYPE_FROM tipo .)
    $end            reduce using rule 25 (sub -> TYPE_FROM tipo .)


state 43

    (26) sub -> IP AIP .

    TYPE            reduce using rule 26 (sub -> IP AIP .)
    NAME            reduce using rule 26 (sub -> IP AIP .)
    BODY            reduce using rule 26 (sub -> IP AIP .)
    PATH            reduce using rule 26 (sub -> IP AIP .)
    FROM            reduce using rule 26 (sub -> IP AIP .)
    TO              reduce using rule 26 (sub -> IP AIP .)
    TYPE_TO         reduce using rule 26 (sub -> IP AIP .)
    TYPE_FROM       reduce using rule 26 (sub -> IP AIP .)
    IP              reduce using rule 26 (sub -> IP AIP .)
    PORT            reduce using rule 26 (sub -> IP AIP .)
    CREATE          reduce using rule 26 (sub -> IP AIP .)
    DELETE          reduce using rule 26 (sub -> IP AIP .)
    COPY            reduce using rule 26 (sub -> IP AIP .)
    TRANSFER        reduce using rule 26 (sub -> IP AIP .)
    RENAME          reduce using rule 26 (sub -> IP AIP .)
    MODIFY          reduce using rule 26 (sub -> IP AIP .)
    BACKUP          reduce using rule 26 (sub -> IP AIP .)
    RECOVERY        reduce using rule 26 (sub -> IP AIP .)
    DELETE_ALL      reduce using rule 26 (sub -> IP AIP .)
    OPEN            reduce using rule 26 (sub -> IP AIP .)
    $end            reduce using rule 26 (sub -> IP AIP .)


state 44

    (27) sub -> PORT APORT .

    TYPE            reduce using rule 27 (sub -> PORT APORT .)
    NAME            reduce using rule 27 (sub -> PORT APORT .)
    BODY            reduce using rule 27 (sub -> PORT APORT .)
    PATH            reduce using rule 27 (sub -> PORT APORT .)
    FROM            reduce using rule 27 (sub -> PORT APORT .)
    TO              reduce using rule 27 (sub -> PORT APORT .)
    TYPE_TO         reduce using rule 27 (sub -> PORT APORT .)
    TYPE_FROM       reduce using rule 27 (sub -> PORT APORT .)
    IP              reduce using rule 27 (sub -> PORT APORT .)
    PORT            reduce using rule 27 (sub -> PORT APORT .)
    CREATE          reduce using rule 27 (sub -> PORT APORT .)
    DELETE          reduce using rule 27 (sub -> PORT APORT .)
    COPY            reduce using rule 27 (sub -> PORT APORT .)
    TRANSFER        reduce using rule 27 (sub -> PORT APORT .)
    RENAME          reduce using rule 27 (sub -> PORT APORT .)
    MODIFY          reduce using rule 27 (sub -> PORT APORT .)
    BACKUP          reduce using rule 27 (sub -> PORT APORT .)
    RECOVERY        reduce using rule 27 (sub -> PORT APORT .)
    DELETE_ALL      reduce using rule 27 (sub -> PORT APORT .)
    OPEN            reduce using rule 27 (sub -> PORT APORT .)
    $end            reduce using rule 27 (sub -> PORT APORT .)

